[debug] [2024-02-10T12:43:42.787Z] ----------------------------------------------------------------------
[debug] [2024-02-10T12:43:42.789Z] Command:       C:\Program Files\nodejs\node.exe C:\Users\wasik\AppData\Roaming\npm\node_modules\firebase-tools\bin\firebase init
[debug] [2024-02-10T12:43:42.789Z] CLI Version:   5.0.1
[debug] [2024-02-10T12:43:42.789Z] Platform:      win32
[debug] [2024-02-10T12:43:42.789Z] Node Version:  v14.20.0
[debug] [2024-02-10T12:43:42.790Z] Time:          Sat Feb 10 2024 17:43:42 GMT+0500 (Pakistan Standard Time)
[debug] [2024-02-10T12:43:42.790Z] ----------------------------------------------------------------------
[debug] 
[debug] [2024-02-10T12:43:42.797Z] > command requires scopes: ["email","openid","https://www.googleapis.com/auth/cloudplatformprojects.readonly","https://www.googleapis.com/auth/firebase","https://www.googleapis.com/auth/cloud-platform"]
[debug] [2024-02-10T12:43:42.797Z] > authorizing via signed-in user
[info] 
     ######## #### ########  ######## ########     ###     ######  ########
     ##        ##  ##     ## ##       ##     ##  ##   ##  ##       ##
     ######    ##  ########  ######   ########  #########  ######  ######
     ##        ##  ##    ##  ##       ##     ## ##     ##       ## ##
     ##       #### ##     ## ######## ########  ##     ##  ######  ########

You're about to initialize a Firebase project in this directory:

  F:\programming\DanishShehzad\visual-frames-media

[info] 
=== Project Setup
[info] 
[info] First, let's associate this project directory with a Firebase project.
[info] You can create multiple project aliases by running firebase use --add, 
[info] but for now we'll just set up a default project.
[info] 
[debug] [2024-02-10T12:43:48.786Z] >>> HTTP REQUEST GET https://admin.firebase.com/v1/projects  
 
[debug] [2024-02-10T12:44:11.027Z] Error: connect ETIMEDOUT 104.197.85.31:443
    at TCPConnectWrap.afterConnect [as oncomplete] (net.js:1159:16)
[error] 
[error] Error: Server Error. connect ETIMEDOUT 104.197.85.31:443
[debug] [2024-02-10T12:44:33.112Z] ----------------------------------------------------------------------
[debug] [2024-02-10T12:44:33.115Z] Command:       C:\Program Files\nodejs\node.exe C:\Users\wasik\AppData\Roaming\npm\node_modules\firebase-tools\bin\firebase init
[debug] [2024-02-10T12:44:33.115Z] CLI Version:   5.0.1
[debug] [2024-02-10T12:44:33.115Z] Platform:      win32
[debug] [2024-02-10T12:44:33.115Z] Node Version:  v14.20.0
[debug] [2024-02-10T12:44:33.116Z] Time:          Sat Feb 10 2024 17:44:33 GMT+0500 (Pakistan Standard Time)
[debug] [2024-02-10T12:44:33.116Z] ----------------------------------------------------------------------
[debug] 
[debug] [2024-02-10T12:44:33.123Z] > command requires scopes: ["email","openid","https://www.googleapis.com/auth/cloudplatformprojects.readonly","https://www.googleapis.com/auth/firebase","https://www.googleapis.com/auth/cloud-platform"]
[debug] [2024-02-10T12:44:33.124Z] > authorizing via signed-in user
[info] 
     ######## #### ########  ######## ########     ###     ######  ########
     ##        ##  ##     ## ##       ##     ##  ##   ##  ##       ##
     ######    ##  ########  ######   ########  #########  ######  ######
     ##        ##  ##    ##  ##       ##     ## ##     ##       ## ##
     ##       #### ##     ## ######## ########  ##     ##  ######  ########

You're about to initialize a Firebase project in this directory:

  F:\programming\DanishShehzad\visual-frames-media

[info] 
=== Project Setup
[info] 
[info] First, let's associate this project directory with a Firebase project.
[info] You can create multiple project aliases by running firebase use --add, 
[info] but for now we'll just set up a default project.
[info] 
[debug] [2024-02-10T12:44:37.630Z] >>> HTTP REQUEST GET https://admin.firebase.com/v1/projects  
 
[debug] [2024-02-10T12:44:59.690Z] Error: connect ETIMEDOUT 104.197.85.31:443
    at TCPConnectWrap.afterConnect [as oncomplete] (net.js:1159:16)
[error] 
[error] Error: Server Error. connect ETIMEDOUT 104.197.85.31:443
